#
# There is insufficient memory for the Java Runtime Environment to continue.
# Native memory allocation (mmap) failed to map 134217728 bytes for Failed to commit area from 0x0000000081800000 to 0x0000000089800000 of length 134217728.
# Possible reasons:
#   The system is out of physical RAM or swap space
#   The process is running with CompressedOops enabled, and the Java Heap may be blocking the growth of the native heap
# Possible solutions:
#   Reduce memory load on the system
#   Increase physical memory or swap space
#   Check if swap backing store is full
#   Decrease Java heap size (-Xmx/-Xms)
#   Decrease number of Java threads
#   Decrease Java thread stack sizes (-Xss)
#   Set larger code cache with -XX:ReservedCodeCacheSize=
# This output file may be truncated or incomplete.
#
#  Out of Memory Error (src/hotspot/os/windows/os_windows.cpp:3627), pid=25612, tid=26420
#
# JRE version:  (11.0.15) (build )
# Java VM: OpenJDK 64-Bit Server VM (11.0.15+0-b2043.56-9505619, mixed mode, sharing, tiered, compressed oops, g1 gc, windows-amd64)
# No core dump will be written. Minidumps are not enabled by default on client versions of Windows
#

---------------  S U M M A R Y ------------

Command Line: org.jetbrains.kotlin.cli.jvm.K2JVMCompiler @C:\Users\Ali_Mohamed\Documents\KatKotey\KatKoty\build\share_plus\20230825_1286454811471095731.compiler.options

Host: Intel(R) Core(TM) i7-4800MQ CPU @ 2.70GHz, 8 cores, 7G,  Windows 10 , 64 bit Build 19041 (10.0.19041.3155)
Time: Fri Aug 25 04:09:40 2023 Egypt Daylight Time elapsed time: 0.048313 seconds (0d 0h 0m 0s)

---------------  T H R E A D  ---------------

Current thread (0x000002156d42a000):  JavaThread "Unknown thread" [_thread_in_vm, id=26420, stack(0x000000ed7f700000,0x000000ed7f800000)]

Stack: [0x000000ed7f700000,0x000000ed7f800000]
Native frames: (J=compiled Java code, j=interpreted, Vv=VM code, C=native code)
V  [jvm.dll+0x64135a]
V  [jvm.dll+0x7d39f9]
V  [jvm.dll+0x7d51b9]
V  [jvm.dll+0x7d58a3]
V  [jvm.dll+0x2691c5]
V  [jvm.dll+0x63e4e9]
V  [jvm.dll+0x632985]
V  [jvm.dll+0x3231ac]
V  [jvm.dll+0x323032]
V  [jvm.dll+0x327c06]
V  [jvm.dll+0x36ffa2]
V  [jvm.dll+0x36fa01]
V  [jvm.dll+0x2fea28]
V  [jvm.dll+0x2ffb25]
V  [jvm.dll+0x7accd7]
V  [jvm.dll+0x7ae49f]
V  [jvm.dll+0x37d299]
V  [jvm.dll+0x78ef9f]
V  [jvm.dll+0x3ec847]
V  [jvm.dll+0x3eed31]
C  [jli.dll+0x52cb]
C  [ucrtbase.dll+0x21bb2]
C  [KERNEL32.DLL+0x17614]
C  [ntdll.dll+0x526b1]


---------------  P R O C E S S  ---------------

Threads class SMR info:
_java_thread_list=0x000002156b249410, length=0, elements={
}

Java Threads: ( => current thread )

Other Threads:
  0x000002156d43d800 GCTaskThread "GC Thread#0" [stack: 0x000000ed7f800000,0x000000ed7f900000] [id=10000]
  0x000002156d473000 ConcurrentGCThread "G1 Main Marker" [stack: 0x000000ed7f900000,0x000000ed7fa00000] [id=20744]
  0x000002156d474800 ConcurrentGCThread "G1 Conc#0" [stack: 0x000000ed7fa00000,0x000000ed7fb00000] [id=21944]

[error occurred during error reporting (printing all threads), id 0xc0000005, EXCEPTION_ACCESS_VIOLATION (0xc0000005) at pc=0x00007ffa8702f3e7]

VM state:not at safepoint (not fully initialized)

VM Mutex/Monitor currently owned by a thread:  ([mutex/lock_event])
[0x000002156b31b3d0] Heap_lock - owner thread: 0x000002156d42a000

Heap address: 0x0000000081800000, size: 2024 MB, Compressed Oops mode: Non-zero based: 0x0000000081800000
Narrow klass base: 0x0000000000000000, Narrow klass shift: 0

GC Heap History (0 events):
No events

Deoptimization events (0 events):
No events

Classes redefined (0 events):
No events

Internal exceptions (0 events):
No events

Events (1 events):
Event: 0.043 Loaded shared library C:\Program Files\Android\Android Studio\jbr\bin\zip.dll


Dynamic libraries:
0x00007ff753f20000 - 0x00007ff753f2a000 	C:\Program Files\Android\Android Studio\jbr\bin\java.exe
0x00007ffabdaf0000 - 0x00007ffabdce8000 	C:\WINDOWS\SYSTEM32\ntdll.dll
0x00007ffabc480000 - 0x00007ffabc53f000 	C:\WINDOWS\System32\KERNEL32.DLL
0x00007ffabb4d0000 - 0x00007ffabb7c6000 	C:\WINDOWS\System32\KERNELBASE.dll
0x00007ffaa8d10000 - 0x00007ffaa8d27000 	C:\Program Files\Android\Android Studio\jbr\bin\jli.dll
0x00007ffabc0e0000 - 0x00007ffabc27d000 	C:\WINDOWS\System32\USER32.dll
0x00007ffabb800000 - 0x00007ffabb822000 	C:\WINDOWS\System32\win32u.dll
0x00007ffabc330000 - 0x00007ffabc35c000 	C:\WINDOWS\System32\GDI32.dll
0x00007ffabb830000 - 0x00007ffabb945000 	C:\WINDOWS\System32\gdi32full.dll
0x00007ffabb360000 - 0x00007ffabb460000 	C:\WINDOWS\System32\ucrtbase.dll
0x00007ffabbab0000 - 0x00007ffabbb4d000 	C:\WINDOWS\System32\msvcp_win.dll
0x00007ffab2ef0000 - 0x00007ffab2f0b000 	C:\Program Files\Android\Android Studio\jbr\bin\VCRUNTIME140.dll
0x00007ffaa96c0000 - 0x00007ffaa995a000 	C:\WINDOWS\WinSxS\amd64_microsoft.windows.common-controls_6595b64144ccf1df_6.0.19041.1110_none_60b5254171f9507e\COMCTL32.dll
0x00007ffabd6b0000 - 0x00007ffabd74e000 	C:\WINDOWS\System32\msvcrt.dll
0x00007ffabc000000 - 0x00007ffabc030000 	C:\WINDOWS\System32\IMM32.DLL
0x00007ffab66e0000 - 0x00007ffab66ec000 	C:\Program Files\Android\Android Studio\jbr\bin\vcruntime140_1.dll
0x00007ffa8da30000 - 0x00007ffa8dabd000 	C:\Program Files\Android\Android Studio\jbr\bin\msvcp140.dll
0x00007ffa86d20000 - 0x00007ffa878dc000 	C:\Program Files\Android\Android Studio\jbr\bin\server\jvm.dll
0x00007ffabd940000 - 0x00007ffabd9ef000 	C:\WINDOWS\System32\ADVAPI32.dll
0x00007ffabd8a0000 - 0x00007ffabd93c000 	C:\WINDOWS\System32\sechost.dll
0x00007ffabd090000 - 0x00007ffabd1b6000 	C:\WINDOWS\System32\RPCRT4.dll
0x00007ffabc5d0000 - 0x00007ffabc5d8000 	C:\WINDOWS\System32\PSAPI.DLL
0x00007ffab5800000 - 0x00007ffab5809000 	C:\WINDOWS\SYSTEM32\WSOCK32.dll
0x00007ffabd750000 - 0x00007ffabd7bb000 	C:\WINDOWS\System32\WS2_32.dll
0x00007ffaa85c0000 - 0x00007ffaa85e7000 	C:\WINDOWS\SYSTEM32\WINMM.dll
0x00007ffaac0a0000 - 0x00007ffaac0aa000 	C:\WINDOWS\SYSTEM32\VERSION.dll
0x00007ffab99f0000 - 0x00007ffab9a02000 	C:\WINDOWS\SYSTEM32\kernel.appcore.dll
0x00007ffab50a0000 - 0x00007ffab50b0000 	C:\Program Files\Android\Android Studio\jbr\bin\verify.dll
0x00007ffaa4180000 - 0x00007ffaa4364000 	C:\WINDOWS\SYSTEM32\DBGHELP.DLL
0x00007ffaa4140000 - 0x00007ffaa4174000 	C:\WINDOWS\SYSTEM32\dbgcore.DLL
0x00007ffabb1d0000 - 0x00007ffabb252000 	C:\WINDOWS\System32\bcryptPrimitives.dll
0x00007ffa99b50000 - 0x00007ffa99b78000 	C:\Program Files\Android\Android Studio\jbr\bin\java.dll
0x00007ffab5060000 - 0x00007ffab506a000 	C:\Program Files\Android\Android Studio\jbr\bin\jimage.dll
0x00007ffaa8ab0000 - 0x00007ffaa8ac8000 	C:\Program Files\Android\Android Studio\jbr\bin\zip.dll

dbghelp: loaded successfully - version: 4.0.5 - missing functions: none
symbol engine: initialized successfully - sym options: 0x614 - pdb path: .;C:\Program Files\Android\Android Studio\jbr\bin;C:\WINDOWS\SYSTEM32;C:\WINDOWS\WinSxS\amd64_microsoft.windows.common-controls_6595b64144ccf1df_6.0.19041.1110_none_60b5254171f9507e;C:\Program Files\Android\Android Studio\jbr\bin\server

VM Arguments:
java_command: org.jetbrains.kotlin.cli.jvm.K2JVMCompiler @C:\Users\Ali_Mohamed\Documents\KatKotey\KatKoty\build\share_plus\20230825_1286454811471095731.compiler.options
java_class_path (initial): C:\Users\Ali_Mohamed\.gradle\caches\modules-2\files-2.1\org.jetbrains.kotlin\kotlin-compiler-embeddable\1.8.10\b0757fd774344d54ce93f5ad6c30ba1c1731c8ff\kotlin-compiler-embeddable-1.8.10.jar;C:\Users\Ali_Mohamed\.gradle\caches\modules-2\files-2.1\org.jetbrains.kotlin\kotlin-stdlib\1.8.10\6d5560a229477df9406943d5feda5618e98eb64c\kotlin-stdlib-1.8.10.jar;C:\Users\Ali_Mohamed\.gradle\caches\modules-2\files-2.1\org.jetbrains.kotlin\kotlin-script-runtime\1.8.10\b13ea9c7e46d589139e56086a878763290e20bd5\kotlin-script-runtime-1.8.10.jar;C:\Users\Ali_Mohamed\.gradle\caches\modules-2\files-2.1\org.jetbrains.kotlin\kotlin-reflect\1.6.10\1cbe9c92c12a94eea200d23c2bbaedaf3daf5132\kotlin-reflect-1.6.10.jar;C:\Users\Ali_Mohamed\.gradle\caches\modules-2\files-2.1\org.jetbrains.kotlin\kotlin-daemon-embeddable\1.8.10\ad8541d9bc1cf9e52c3204161247910c2cf601d4\kotlin-daemon-embeddable-1.8.10.jar;C:\Users\Ali_Mohamed\.gradle\caches\modules-2\files-2.1\org.jetbrains.intellij.deps\trove4j\1.0.20200330\3afb14d5f9ceb459d724e907a21145e8ff394f02\trove4j-1.0.20200330.jar;C:\Users\Ali_Mohamed\.gradle\caches\modules-2\files-2.1\net.java.dev.jna\jna\5.6.0\330f2244e9030119ab3030fc3fededc86713d9cc\jna-5.6.0.jar;C:\Users\Ali_Mohamed\.gradle\caches\modules-2\files-2.1\org.jetbrains.kotlin\kotlin-stdlib-common\1.8.10\a61b182458550492c12aee66157d7b524a63a5ec\kotlin-stdlib-common-1.8.10.jar;C:\Users\Ali_Mohamed\.gradle\caches\modules-2\files-2.1\org.jetbrains\annotations\13.0\919f0dfe192fb4e063e7dacadee7f8bb9a2672a9\annotations-13.0.jar
Launcher Type: SUN_STANDARD

[Global flags]
     intx CICompilerCount                          = 4                                         {product} {ergonomic}
     uint ConcGCThreads                            = 2                                         {product} {ergonomic}
     uint G1ConcRefinementThreads                  = 8                                         {product} {ergonomic}
   size_t G1HeapRegionSize                         = 1048576                                   {product} {ergonomic}
    uintx GCDrainStackTargetSize                   = 64                                        {product} {ergonomic}
   size_t InitialHeapSize                          = 134217728                                 {product} {ergonomic}
   size_t MarkStackSize                            = 4194304                                   {product} {ergonomic}
   size_t MaxHeapSize                              = 2122317824                                {product} {ergonomic}
   size_t MinHeapDeltaBytes                        = 1048576                                   {product} {ergonomic}
    uintx NonNMethodCodeHeapSize                   = 5836300                                {pd product} {ergonomic}
    uintx NonProfiledCodeHeapSize                  = 122910970                              {pd product} {ergonomic}
    uintx ProfiledCodeHeapSize                     = 122910970                              {pd product} {ergonomic}
    uintx ReservedCodeCacheSize                    = 251658240                              {pd product} {ergonomic}
     bool SegmentedCodeCache                       = true                                      {product} {ergonomic}
     bool UseCompressedClassPointers               = true                                 {lp64_product} {ergonomic}
     bool UseCompressedOops                        = true                                 {lp64_product} {ergonomic}
     bool UseG1GC                                  = true                                      {product} {ergonomic}
     bool UseLargePagesIndividualAllocation        = false                                  {pd product} {ergonomic}

Logging:
Log output configuration:
 #0: stdout all=warning uptime,level,tags
 #1: stderr all=off uptime,level,tags

Environment Variables:
JAVA_HOME=C:\Program Files\Android\Android Studio\jbr
CLASSPATH=C:\Users\Ali_Mohamed\Documents\KatKotey\KatKoty\android\\gradle\wrapper\gradle-wrapper.jar
PATH=C:\devlopment\flutter\bin\;C:\Program Files\Common Files\Oracle\Java\javapath;C:\WINDOWS\system32;C:\WINDOWS;C:\WINDOWS\System32\Wbem;C:\WINDOWS\System32\WindowsPowerShell\v1.0\;C:\WINDOWS\System32\OpenSSH\;C:\Program Files\Git\cmd;C:\Program Files\Dart\dart-sdk\bin;C:\ProgramData\chocolatey\bin;C:\Program Files\Java\jdk-17.0.5\bin;C:\devlopment\flutter\bin;C:\devlopment\flutter\bin\cache\dart-sdk\bin;C:\devlopment\dart-sdk\bin;C:\Program Files\;C:\Program Files\Cloudflare\Cloudflare WARP\;C:\Users\Ali_Mohamed\AppData\Local\Microsoft\WindowsApps;C:\Users\Ali_Mohamed\AppData\Local\Programs\Microsoft VS Code\bin;C:\devlopment\flutter\bin;C:\devlopment\dart-sdk\bin;C:\Program Files\Java\jdk-17.0.5\bin;C:\Users\Ali_Mohamed\AppData\Roaming\npm;C:\Program Files\node_modules\npm\bin;C:\Users\Ali_Mohamed\Downloads\openssl-0.9.8k_WIN32\bin;C:\devlopment\dart-sdk\bin;;C:\devlopment\flutter\bin\mingit\cmd
USERNAME=Ali_Mohamed
LANG=en_US.UTF-8
OS=Windows_NT
PROCESSOR_IDENTIFIER=Intel64 Family 6 Model 60 Stepping 3, GenuineIntel



---------------  S Y S T E M  ---------------

OS: Windows 10 , 64 bit Build 19041 (10.0.19041.3155)
OS uptime: 0 days 22:58 hours

CPU:total 8 (initial active 8) (4 cores per cpu, 2 threads per core) family 6 model 60 stepping 3 microcode 0x28, cmov, cx8, fxsr, mmx, sse, sse2, sse3, ssse3, sse4.1, sse4.2, popcnt, avx, avx2, aes, clmul, erms, lzcnt, ht, tsc, tscinvbit, bmi1, bmi2, fma

Memory: 4k page, system-wide physical 8089M (621M free)
TotalPageFile size 22250M (AvailPageFile size 62M)
current process WorkingSet (physical memory assigned to process): 10M, peak: 10M
current process commit charge ("private bytes"): 60M, peak: 187M

vm_info: OpenJDK 64-Bit Server VM (11.0.15+0-b2043.56-9505619) for windows-amd64 JRE (11.0.15+0-b2043.56-9505619), built on Jan 19 2023 02:48:00 by "builduser" with unknown MS VC++:1929

END.
