#
# There is insufficient memory for the Java Runtime Environment to continue.
# Native memory allocation (malloc) failed to allocate 339536 bytes for Chunk::new
# Possible reasons:
#   The system is out of physical RAM or swap space
#   The process is running with CompressedOops enabled, and the Java Heap may be blocking the growth of the native heap
# Possible solutions:
#   Reduce memory load on the system
#   Increase physical memory or swap space
#   Check if swap backing store is full
#   Decrease Java heap size (-Xmx/-Xms)
#   Decrease number of Java threads
#   Decrease Java thread stack sizes (-Xss)
#   Set larger code cache with -XX:ReservedCodeCacheSize=
#   JVM is running with Unscaled Compressed Oops mode in which the Java heap is
#     placed in the first 4GB address space. The Java Heap base address is the
#     maximum limit for the native heap growth. Please use -XX:HeapBaseMinAddress
#     to set the Java Heap base and to place the Java Heap above 4GB virtual address.
# This output file may be truncated or incomplete.
#
#  Out of Memory Error (src/hotspot/share/memory/arena.cpp:197), pid=5344, tid=13908
#
# JRE version: OpenJDK Runtime Environment (11.0.15) (build 11.0.15+0-b2043.56-9505619)
# Java VM: OpenJDK 64-Bit Server VM (11.0.15+0-b2043.56-9505619, mixed mode, tiered, compressed oops, g1 gc, windows-amd64)
# No core dump will be written. Minidumps are not enabled by default on client versions of Windows
#

---------------  S U M M A R Y ------------

Command Line: org.jetbrains.kotlin.cli.jvm.K2JVMCompiler @C:\Users\Ali_Mohamed\Documents\KatKotey\KatKoty\build\speech_to_text\20230825_7607985013021007956.compiler.options

Host: Intel(R) Core(TM) i7-4800MQ CPU @ 2.70GHz, 8 cores, 7G,  Windows 10 , 64 bit Build 19041 (10.0.19041.3155)
Time: Fri Aug 25 04:09:44 2023 Egypt Daylight Time elapsed time: 4.000896 seconds (0d 0h 0m 4s)

---------------  T H R E A D  ---------------

Current thread (0x00000177f0a10000):  JavaThread "C2 CompilerThread0" daemon [_thread_in_native, id=13908, stack(0x00000055c4e00000,0x00000055c4f00000)]


Current CompileTask:
C2:   4001 1620 % !   4       java.util.concurrent.ConcurrentHashMap::transfer @ 96 (828 bytes)

Stack: [0x00000055c4e00000,0x00000055c4f00000]
Native frames: (J=compiled Java code, j=interpreted, Vv=VM code, C=native code)
V  [jvm.dll+0x64135a]
V  [jvm.dll+0x7d39f9]
V  [jvm.dll+0x7d51b9]
V  [jvm.dll+0x7d58a3]
V  [jvm.dll+0x2691c5]
V  [jvm.dll+0xc1a5c]
V  [jvm.dll+0xc200c]
V  [jvm.dll+0x3774a7]
V  [jvm.dll+0x342495]
V  [jvm.dll+0x34186a]
V  [jvm.dll+0x2214bd]
V  [jvm.dll+0x220498]
V  [jvm.dll+0x19e851]
V  [jvm.dll+0x230479]
V  [jvm.dll+0x22e5ef]
V  [jvm.dll+0x794de1]
V  [jvm.dll+0x78dc24]
V  [jvm.dll+0x6400f6]
C  [ucrtbase.dll+0x21bb2]
C  [KERNEL32.DLL+0x17614]
C  [ntdll.dll+0x526b1]


---------------  P R O C E S S  ---------------

Threads class SMR info:
_java_thread_list=0x00000177f12a2220, length=10, elements={
0x00000177d5c82000, 0x00000177f007f000, 0x00000177f0080000, 0x00000177f0a09800,
0x00000177f0a0b000, 0x00000177f0a0c000, 0x00000177f0a10000, 0x00000177f0a11800,
0x00000177f0a12800, 0x00000177f0b68800
}

Java Threads: ( => current thread )
  0x00000177d5c82000 JavaThread "main" [_thread_in_vm, id=15096, stack(0x00000055c4200000,0x00000055c4300000)]
  0x00000177f007f000 JavaThread "Reference Handler" daemon [_thread_blocked, id=15796, stack(0x00000055c4900000,0x00000055c4a00000)]
  0x00000177f0080000 JavaThread "Finalizer" daemon [_thread_blocked, id=25308, stack(0x00000055c4a00000,0x00000055c4b00000)]
  0x00000177f0a09800 JavaThread "Signal Dispatcher" daemon [_thread_blocked, id=22972, stack(0x00000055c4b00000,0x00000055c4c00000)]
  0x00000177f0a0b000 JavaThread "Attach Listener" daemon [_thread_blocked, id=20344, stack(0x00000055c4c00000,0x00000055c4d00000)]
  0x00000177f0a0c000 JavaThread "Service Thread" daemon [_thread_blocked, id=14884, stack(0x00000055c4d00000,0x00000055c4e00000)]
=>0x00000177f0a10000 JavaThread "C2 CompilerThread0" daemon [_thread_in_native, id=13908, stack(0x00000055c4e00000,0x00000055c4f00000)]
  0x00000177f0a11800 JavaThread "C1 CompilerThread0" daemon [_thread_blocked, id=22952, stack(0x00000055c4f00000,0x00000055c5000000)]
  0x00000177f0a12800 JavaThread "Sweeper thread" daemon [_thread_blocked, id=23696, stack(0x00000055c5000000,0x00000055c5100000)]
  0x00000177f0b68800 JavaThread "Common-Cleaner" daemon [_thread_blocked, id=2448, stack(0x00000055c5200000,0x00000055c5300000)]

Other Threads:
  0x00000177f005a000 VMThread "VM Thread" [stack: 0x00000055c4800000,0x00000055c4900000] [id=23332]
  0x00000177f0b5c800 WatcherThread [stack: 0x00000055c5100000,0x00000055c5200000] [id=21252]
  0x00000177d5c98800 GCTaskThread "GC Thread#0" [stack: 0x00000055c4300000,0x00000055c4400000] [id=25676]
  0x00000177f1074000 GCTaskThread "GC Thread#1" [stack: 0x00000055c5300000,0x00000055c5400000] [id=3156]
  0x00000177f1025800 GCTaskThread "GC Thread#2" [stack: 0x00000055c5400000,0x00000055c5500000] [id=15712]
  0x00000177d5cce000 ConcurrentGCThread "G1 Main Marker" [stack: 0x00000055c4400000,0x00000055c4500000] [id=23484]
  0x00000177d5ccf800 ConcurrentGCThread "G1 Conc#0" [stack: 0x00000055c4500000,0x00000055c4600000] [id=24124]
  0x00000177d5d5e800 ConcurrentGCThread "G1 Refine#0" [stack: 0x00000055c4600000,0x00000055c4700000] [id=20460]
  0x00000177efec1000 ConcurrentGCThread "G1 Young RemSet Sampling" [stack: 0x00000055c4700000,0x00000055c4800000] [id=21516]

Threads with active compile tasks:
C2 CompilerThread0     4051 1620 % !   4       java.util.concurrent.ConcurrentHashMap::transfer @ 96 (828 bytes)

VM state:not at safepoint (normal execution)

VM Mutex/Monitor currently owned by a thread: None

Heap address: 0x0000000081800000, size: 2024 MB, Compressed Oops mode: 32-bit
Narrow klass base: 0x0000000000000000, Narrow klass shift: 3
Compressed class space size: 1073741824 Address: 0x0000000100000000

Heap:
 garbage-first heap   total 131072K, used 33302K [0x0000000081800000, 0x0000000100000000)
  region size 1024K, 30 young (30720K), 3 survivors (3072K)
 Metaspace       used 17680K, capacity 17871K, committed 18048K, reserved 1064960K
  class space    used 1757K, capacity 1834K, committed 1920K, reserved 1048576K
Heap Regions: E=young(eden), S=young(survivor), O=old, HS=humongous(starts), HC=humongous(continues), CS=collection set, F=free, A=archive, TAMS=top-at-mark-start (previous, next)
|   0|0x0000000081800000, 0x0000000081900000, 0x0000000081900000|100%|HS|  |TAMS 0x0000000081800000, 0x0000000081800000| Complete 
|   1|0x0000000081900000, 0x0000000081a00000, 0x0000000081a00000|100%|HC|  |TAMS 0x0000000081900000, 0x0000000081900000| Complete 
|   2|0x0000000081a00000, 0x0000000081b00000, 0x0000000081b00000|100%|HC|  |TAMS 0x0000000081a00000, 0x0000000081a00000| Complete 
|   3|0x0000000081b00000, 0x0000000081c00000, 0x0000000081c00000|100%|HC|  |TAMS 0x0000000081b00000, 0x0000000081b00000| Complete 
|   4|0x0000000081c00000, 0x0000000081c00000, 0x0000000081d00000|  0%| F|  |TAMS 0x0000000081c00000, 0x0000000081c00000| Untracked 
|   5|0x0000000081d00000, 0x0000000081d00000, 0x0000000081e00000|  0%| F|  |TAMS 0x0000000081d00000, 0x0000000081d00000| Untracked 
|   6|0x0000000081e00000, 0x0000000081e00000, 0x0000000081f00000|  0%| F|  |TAMS 0x0000000081e00000, 0x0000000081e00000| Untracked 
|   7|0x0000000081f00000, 0x0000000081f00000, 0x0000000082000000|  0%| F|  |TAMS 0x0000000081f00000, 0x0000000081f00000| Untracked 
|   8|0x0000000082000000, 0x0000000082000000, 0x0000000082100000|  0%| F|  |TAMS 0x0000000082000000, 0x0000000082000000| Untracked 
|   9|0x0000000082100000, 0x0000000082100000, 0x0000000082200000|  0%| F|  |TAMS 0x0000000082100000, 0x0000000082100000| Untracked 
|  10|0x0000000082200000, 0x0000000082200000, 0x0000000082300000|  0%| F|  |TAMS 0x0000000082200000, 0x0000000082200000| Untracked 
|  11|0x0000000082300000, 0x0000000082300000, 0x0000000082400000|  0%| F|  |TAMS 0x0000000082300000, 0x0000000082300000| Untracked 
|  12|0x0000000082400000, 0x0000000082400000, 0x0000000082500000|  0%| F|  |TAMS 0x0000000082400000, 0x0000000082400000| Untracked 
|  13|0x0000000082500000, 0x0000000082500000, 0x0000000082600000|  0%| F|  |TAMS 0x0000000082500000, 0x0000000082500000| Untracked 
|  14|0x0000000082600000, 0x0000000082600000, 0x0000000082700000|  0%| F|  |TAMS 0x0000000082600000, 0x0000000082600000| Untracked 
|  15|0x0000000082700000, 0x0000000082700000, 0x0000000082800000|  0%| F|  |TAMS 0x0000000082700000, 0x0000000082700000| Untracked 
|  16|0x0000000082800000, 0x0000000082800000, 0x0000000082900000|  0%| F|  |TAMS 0x0000000082800000, 0x0000000082800000| Untracked 
|  17|0x0000000082900000, 0x0000000082900000, 0x0000000082a00000|  0%| F|  |TAMS 0x0000000082900000, 0x0000000082900000| Untracked 
|  18|0x0000000082a00000, 0x0000000082a00000, 0x0000000082b00000|  0%| F|  |TAMS 0x0000000082a00000, 0x0000000082a00000| Untracked 
|  19|0x0000000082b00000, 0x0000000082b00000, 0x0000000082c00000|  0%| F|  |TAMS 0x0000000082b00000, 0x0000000082b00000| Untracked 
|  20|0x0000000082c00000, 0x0000000082c00000, 0x0000000082d00000|  0%| F|  |TAMS 0x0000000082c00000, 0x0000000082c00000| Untracked 
|  21|0x0000000082d00000, 0x0000000082d00000, 0x0000000082e00000|  0%| F|  |TAMS 0x0000000082d00000, 0x0000000082d00000| Untracked 
|  22|0x0000000082e00000, 0x0000000082e00000, 0x0000000082f00000|  0%| F|  |TAMS 0x0000000082e00000, 0x0000000082e00000| Untracked 
|  23|0x0000000082f00000, 0x0000000082f00000, 0x0000000083000000|  0%| F|  |TAMS 0x0000000082f00000, 0x0000000082f00000| Untracked 
|  24|0x0000000083000000, 0x0000000083000000, 0x0000000083100000|  0%| F|  |TAMS 0x0000000083000000, 0x0000000083000000| Untracked 
|  25|0x0000000083100000, 0x0000000083100000, 0x0000000083200000|  0%| F|  |TAMS 0x0000000083100000, 0x0000000083100000| Untracked 
|  26|0x0000000083200000, 0x0000000083200000, 0x0000000083300000|  0%| F|  |TAMS 0x0000000083200000, 0x0000000083200000| Untracked 
|  27|0x0000000083300000, 0x0000000083300000, 0x0000000083400000|  0%| F|  |TAMS 0x0000000083300000, 0x0000000083300000| Untracked 
|  28|0x0000000083400000, 0x0000000083400000, 0x0000000083500000|  0%| F|  |TAMS 0x0000000083400000, 0x0000000083400000| Untracked 
|  29|0x0000000083500000, 0x0000000083500000, 0x0000000083600000|  0%| F|  |TAMS 0x0000000083500000, 0x0000000083500000| Untracked 
|  30|0x0000000083600000, 0x0000000083600000, 0x0000000083700000|  0%| F|  |TAMS 0x0000000083600000, 0x0000000083600000| Untracked 
|  31|0x0000000083700000, 0x0000000083700000, 0x0000000083800000|  0%| F|  |TAMS 0x0000000083700000, 0x0000000083700000| Untracked 
|  32|0x0000000083800000, 0x0000000083800000, 0x0000000083900000|  0%| F|  |TAMS 0x0000000083800000, 0x0000000083800000| Untracked 
|  33|0x0000000083900000, 0x0000000083900000, 0x0000000083a00000|  0%| F|  |TAMS 0x0000000083900000, 0x0000000083900000| Untracked 
|  34|0x0000000083a00000, 0x0000000083a00000, 0x0000000083b00000|  0%| F|  |TAMS 0x0000000083a00000, 0x0000000083a00000| Untracked 
|  35|0x0000000083b00000, 0x0000000083b00000, 0x0000000083c00000|  0%| F|  |TAMS 0x0000000083b00000, 0x0000000083b00000| Untracked 
|  36|0x0000000083c00000, 0x0000000083c00000, 0x0000000083d00000|  0%| F|  |TAMS 0x0000000083c00000, 0x0000000083c00000| Untracked 
|  37|0x0000000083d00000, 0x0000000083d00000, 0x0000000083e00000|  0%| F|  |TAMS 0x0000000083d00000, 0x0000000083d00000| Untracked 
|  38|0x0000000083e00000, 0x0000000083e00000, 0x0000000083f00000|  0%| F|  |TAMS 0x0000000083e00000, 0x0000000083e00000| Untracked 
|  39|0x0000000083f00000, 0x0000000083f00000, 0x0000000084000000|  0%| F|  |TAMS 0x0000000083f00000, 0x0000000083f00000| Untracked 
|  40|0x0000000084000000, 0x0000000084000000, 0x0000000084100000|  0%| F|  |TAMS 0x0000000084000000, 0x0000000084000000| Untracked 
|  41|0x0000000084100000, 0x0000000084100000, 0x0000000084200000|  0%| F|  |TAMS 0x0000000084100000, 0x0000000084100000| Untracked 
|  42|0x0000000084200000, 0x0000000084200000, 0x0000000084300000|  0%| F|  |TAMS 0x0000000084200000, 0x0000000084200000| Untracked 
|  43|0x0000000084300000, 0x0000000084300000, 0x0000000084400000|  0%| F|  |TAMS 0x0000000084300000, 0x0000000084300000| Untracked 
|  44|0x0000000084400000, 0x0000000084400000, 0x0000000084500000|  0%| F|  |TAMS 0x0000000084400000, 0x0000000084400000| Untracked 
|  45|0x0000000084500000, 0x0000000084500000, 0x0000000084600000|  0%| F|  |TAMS 0x0000000084500000, 0x0000000084500000| Untracked 
|  46|0x0000000084600000, 0x0000000084600000, 0x0000000084700000|  0%| F|  |TAMS 0x0000000084600000, 0x0000000084600000| Untracked 
|  47|0x0000000084700000, 0x0000000084700000, 0x0000000084800000|  0%| F|  |TAMS 0x0000000084700000, 0x0000000084700000| Untracked 
|  48|0x0000000084800000, 0x0000000084800000, 0x0000000084900000|  0%| F|  |TAMS 0x0000000084800000, 0x0000000084800000| Untracked 
|  49|0x0000000084900000, 0x0000000084900000, 0x0000000084a00000|  0%| F|  |TAMS 0x0000000084900000, 0x0000000084900000| Untracked 
|  50|0x0000000084a00000, 0x0000000084a00000, 0x0000000084b00000|  0%| F|  |TAMS 0x0000000084a00000, 0x0000000084a00000| Untracked 
|  51|0x0000000084b00000, 0x0000000084b00000, 0x0000000084c00000|  0%| F|  |TAMS 0x0000000084b00000, 0x0000000084b00000| Untracked 
|  52|0x0000000084c00000, 0x0000000084c00000, 0x0000000084d00000|  0%| F|  |TAMS 0x0000000084c00000, 0x0000000084c00000| Untracked 
|  53|0x0000000084d00000, 0x0000000084d00000, 0x0000000084e00000|  0%| F|  |TAMS 0x0000000084d00000, 0x0000000084d00000| Untracked 
|  54|0x0000000084e00000, 0x0000000084e00000, 0x0000000084f00000|  0%| F|  |TAMS 0x0000000084e00000, 0x0000000084e00000| Untracked 
|  55|0x0000000084f00000, 0x0000000084f00000, 0x0000000085000000|  0%| F|  |TAMS 0x0000000084f00000, 0x0000000084f00000| Untracked 
|  56|0x0000000085000000, 0x0000000085000000, 0x0000000085100000|  0%| F|  |TAMS 0x0000000085000000, 0x0000000085000000| Untracked 
|  57|0x0000000085100000, 0x0000000085100000, 0x0000000085200000|  0%| F|  |TAMS 0x0000000085100000, 0x0000000085100000| Untracked 
|  58|0x0000000085200000, 0x0000000085200000, 0x0000000085300000|  0%| F|  |TAMS 0x0000000085200000, 0x0000000085200000| Untracked 
|  59|0x0000000085300000, 0x0000000085300000, 0x0000000085400000|  0%| F|  |TAMS 0x0000000085300000, 0x0000000085300000| Untracked 
|  60|0x0000000085400000, 0x0000000085400000, 0x0000000085500000|  0%| F|  |TAMS 0x0000000085400000, 0x0000000085400000| Untracked 
|  61|0x0000000085500000, 0x0000000085500000, 0x0000000085600000|  0%| F|  |TAMS 0x0000000085500000, 0x0000000085500000| Untracked 
|  62|0x0000000085600000, 0x0000000085600000, 0x0000000085700000|  0%| F|  |TAMS 0x0000000085600000, 0x0000000085600000| Untracked 
|  63|0x0000000085700000, 0x0000000085700000, 0x0000000085800000|  0%| F|  |TAMS 0x0000000085700000, 0x0000000085700000| Untracked 
|  64|0x0000000085800000, 0x0000000085800000, 0x0000000085900000|  0%| F|  |TAMS 0x0000000085800000, 0x0000000085800000| Untracked 
|  65|0x0000000085900000, 0x0000000085900000, 0x0000000085a00000|  0%| F|  |TAMS 0x0000000085900000, 0x0000000085900000| Untracked 
|  66|0x0000000085a00000, 0x0000000085a00000, 0x0000000085b00000|  0%| F|  |TAMS 0x0000000085a00000, 0x0000000085a00000| Untracked 
|  67|0x0000000085b00000, 0x0000000085b00000, 0x0000000085c00000|  0%| F|  |TAMS 0x0000000085b00000, 0x0000000085b00000| Untracked 
|  68|0x0000000085c00000, 0x0000000085c00000, 0x0000000085d00000|  0%| F|  |TAMS 0x0000000085c00000, 0x0000000085c00000| Untracked 
|  69|0x0000000085d00000, 0x0000000085d00000, 0x0000000085e00000|  0%| F|  |TAMS 0x0000000085d00000, 0x0000000085d00000| Untracked 
|  70|0x0000000085e00000, 0x0000000085e00000, 0x0000000085f00000|  0%| F|  |TAMS 0x0000000085e00000, 0x0000000085e00000| Untracked 
|  71|0x0000000085f00000, 0x0000000085f00000, 0x0000000086000000|  0%| F|  |TAMS 0x0000000085f00000, 0x0000000085f00000| Untracked 
|  72|0x0000000086000000, 0x0000000086000000, 0x0000000086100000|  0%| F|  |TAMS 0x0000000086000000, 0x0000000086000000| Untracked 
|  73|0x0000000086100000, 0x0000000086100000, 0x0000000086200000|  0%| F|  |TAMS 0x0000000086100000, 0x0000000086100000| Untracked 
|  74|0x0000000086200000, 0x0000000086200000, 0x0000000086300000|  0%| F|  |TAMS 0x0000000086200000, 0x0000000086200000| Untracked 
|  75|0x0000000086300000, 0x0000000086300000, 0x0000000086400000|  0%| F|  |TAMS 0x0000000086300000, 0x0000000086300000| Untracked 
|  76|0x0000000086400000, 0x0000000086400000, 0x0000000086500000|  0%| F|  |TAMS 0x0000000086400000, 0x0000000086400000| Untracked 
|  77|0x0000000086500000, 0x0000000086500000, 0x0000000086600000|  0%| F|  |TAMS 0x0000000086500000, 0x0000000086500000| Untracked 
|  78|0x0000000086600000, 0x0000000086600000, 0x0000000086700000|  0%| F|  |TAMS 0x0000000086600000, 0x0000000086600000| Untracked 
|  79|0x0000000086700000, 0x0000000086700000, 0x0000000086800000|  0%| F|  |TAMS 0x0000000086700000, 0x0000000086700000| Untracked 
|  80|0x0000000086800000, 0x0000000086800000, 0x0000000086900000|  0%| F|  |TAMS 0x0000000086800000, 0x0000000086800000| Untracked 
|  81|0x0000000086900000, 0x0000000086900000, 0x0000000086a00000|  0%| F|  |TAMS 0x0000000086900000, 0x0000000086900000| Untracked 
|  82|0x0000000086a00000, 0x0000000086a00000, 0x0000000086b00000|  0%| F|  |TAMS 0x0000000086a00000, 0x0000000086a00000| Untracked 
|  83|0x0000000086b00000, 0x0000000086b00000, 0x0000000086c00000|  0%| F|  |TAMS 0x0000000086b00000, 0x0000000086b00000| Untracked 
|  84|0x0000000086c00000, 0x0000000086c00000, 0x0000000086d00000|  0%| F|  |TAMS 0x0000000086c00000, 0x0000000086c00000| Untracked 
|  85|0x0000000086d00000, 0x0000000086d00000, 0x0000000086e00000|  0%| F|  |TAMS 0x0000000086d00000, 0x0000000086d00000| Untracked 
|  86|0x0000000086e00000, 0x0000000086e00000, 0x0000000086f00000|  0%| F|  |TAMS 0x0000000086e00000, 0x0000000086e00000| Untracked 
|  87|0x0000000086f00000, 0x0000000086f00000, 0x0000000087000000|  0%| F|  |TAMS 0x0000000086f00000, 0x0000000086f00000| Untracked 
|  88|0x0000000087000000, 0x0000000087000000, 0x0000000087100000|  0%| F|  |TAMS 0x0000000087000000, 0x0000000087000000| Untracked 
|  89|0x0000000087100000, 0x0000000087100000, 0x0000000087200000|  0%| F|  |TAMS 0x0000000087100000, 0x0000000087100000| Untracked 
|  90|0x0000000087200000, 0x0000000087200000, 0x0000000087300000|  0%| F|  |TAMS 0x0000000087200000, 0x0000000087200000| Untracked 
|  91|0x0000000087300000, 0x0000000087300000, 0x0000000087400000|  0%| F|  |TAMS 0x0000000087300000, 0x0000000087300000| Untracked 
|  92|0x0000000087400000, 0x0000000087400000, 0x0000000087500000|  0%| F|  |TAMS 0x0000000087400000, 0x0000000087400000| Untracked 
|  93|0x0000000087500000, 0x0000000087500000, 0x0000000087600000|  0%| F|  |TAMS 0x0000000087500000, 0x0000000087500000| Untracked 
|  94|0x0000000087600000, 0x0000000087600000, 0x0000000087700000|  0%| F|  |TAMS 0x0000000087600000, 0x0000000087600000| Untracked 
|  95|0x0000000087700000, 0x0000000087700000, 0x0000000087800000|  0%| F|  |TAMS 0x0000000087700000, 0x0000000087700000| Untracked 
|  96|0x0000000087800000, 0x0000000087800000, 0x0000000087900000|  0%| F|  |TAMS 0x0000000087800000, 0x0000000087800000| Untracked 
|  97|0x0000000087900000, 0x0000000087900000, 0x0000000087a00000|  0%| F|  |TAMS 0x0000000087900000, 0x0000000087900000| Untracked 
|  98|0x0000000087a00000, 0x0000000087a80800, 0x0000000087b00000| 50%| E|  |TAMS 0x0000000087a00000, 0x0000000087a00000| Complete 
|  99|0x0000000087b00000, 0x0000000087c00000, 0x0000000087c00000|100%| E|CS|TAMS 0x0000000087b00000, 0x0000000087b00000| Complete 
| 100|0x0000000087c00000, 0x0000000087d00000, 0x0000000087d00000|100%| E|CS|TAMS 0x0000000087c00000, 0x0000000087c00000| Complete 
| 101|0x0000000087d00000, 0x0000000087d85970, 0x0000000087e00000| 52%| S|CS|TAMS 0x0000000087d00000, 0x0000000087d00000| Complete 
| 102|0x0000000087e00000, 0x0000000087f00000, 0x0000000087f00000|100%| S|CS|TAMS 0x0000000087e00000, 0x0000000087e00000| Complete 
| 103|0x0000000087f00000, 0x0000000088000000, 0x0000000088000000|100%| S|CS|TAMS 0x0000000087f00000, 0x0000000087f00000| Complete 
| 104|0x0000000088000000, 0x0000000088100000, 0x0000000088100000|100%| E|CS|TAMS 0x0000000088000000, 0x0000000088000000| Complete 
| 105|0x0000000088100000, 0x0000000088200000, 0x0000000088200000|100%| E|CS|TAMS 0x0000000088100000, 0x0000000088100000| Complete 
| 106|0x0000000088200000, 0x0000000088300000, 0x0000000088300000|100%| E|CS|TAMS 0x0000000088200000, 0x0000000088200000| Complete 
| 107|0x0000000088300000, 0x0000000088400000, 0x0000000088400000|100%| E|CS|TAMS 0x0000000088300000, 0x0000000088300000| Complete 
| 108|0x0000000088400000, 0x0000000088500000, 0x0000000088500000|100%| E|CS|TAMS 0x0000000088400000, 0x0000000088400000| Complete 
| 109|0x0000000088500000, 0x0000000088600000, 0x0000000088600000|100%| E|CS|TAMS 0x0000000088500000, 0x0000000088500000| Complete 
| 110|0x0000000088600000, 0x0000000088700000, 0x0000000088700000|100%| E|CS|TAMS 0x0000000088600000, 0x0000000088600000| Complete 
| 111|0x0000000088700000, 0x0000000088800000, 0x0000000088800000|100%| E|CS|TAMS 0x0000000088700000, 0x0000000088700000| Complete 
| 112|0x0000000088800000, 0x0000000088900000, 0x0000000088900000|100%| E|CS|TAMS 0x0000000088800000, 0x0000000088800000| Complete 
| 113|0x0000000088900000, 0x0000000088a00000, 0x0000000088a00000|100%| E|CS|TAMS 0x0000000088900000, 0x0000000088900000| Complete 
| 114|0x0000000088a00000, 0x0000000088b00000, 0x0000000088b00000|100%| E|CS|TAMS 0x0000000088a00000, 0x0000000088a00000| Complete 
| 115|0x0000000088b00000, 0x0000000088c00000, 0x0000000088c00000|100%| E|CS|TAMS 0x0000000088b00000, 0x0000000088b00000| Complete 
| 116|0x0000000088c00000, 0x0000000088d00000, 0x0000000088d00000|100%| E|CS|TAMS 0x0000000088c00000, 0x0000000088c00000| Complete 
| 117|0x0000000088d00000, 0x0000000088e00000, 0x0000000088e00000|100%| E|CS|TAMS 0x0000000088d00000, 0x0000000088d00000| Complete 
| 118|0x0000000088e00000, 0x0000000088f00000, 0x0000000088f00000|100%| E|CS|TAMS 0x0000000088e00000, 0x0000000088e00000| Complete 
| 119|0x0000000088f00000, 0x0000000089000000, 0x0000000089000000|100%| E|CS|TAMS 0x0000000088f00000, 0x0000000088f00000| Complete 
| 120|0x0000000089000000, 0x0000000089100000, 0x0000000089100000|100%| E|CS|TAMS 0x0000000089000000, 0x0000000089000000| Complete 
| 121|0x0000000089100000, 0x0000000089200000, 0x0000000089200000|100%| E|CS|TAMS 0x0000000089100000, 0x0000000089100000| Complete 
| 122|0x0000000089200000, 0x0000000089300000, 0x0000000089300000|100%| E|CS|TAMS 0x0000000089200000, 0x0000000089200000| Complete 
| 123|0x0000000089300000, 0x0000000089400000, 0x0000000089400000|100%| E|CS|TAMS 0x0000000089300000, 0x0000000089300000| Complete 
| 124|0x0000000089400000, 0x0000000089500000, 0x0000000089500000|100%| E|CS|TAMS 0x0000000089400000, 0x0000000089400000| Complete 
| 125|0x0000000089500000, 0x0000000089600000, 0x0000000089600000|100%| E|CS|TAMS 0x0000000089500000, 0x0000000089500000| Complete 
| 126|0x0000000089600000, 0x0000000089700000, 0x0000000089700000|100%| E|CS|TAMS 0x0000000089600000, 0x0000000089600000| Complete 
| 127|0x0000000089700000, 0x0000000089800000, 0x0000000089800000|100%| E|CS|TAMS 0x0000000089700000, 0x0000000089700000| Complete 

Card table byte_map: [0x00000177e8ee0000,0x00000177e92e0000] _byte_map_base: 0x00000177e8ad4000

Marking Bits (Prev, Next): (CMBitMap*) 0x00000177d5cc3458, (CMBitMap*) 0x00000177d5cc3490
 Prev Bits: [0x00000177e96e0000, 0x00000177eb680000)
 Next Bits: [0x00000177eb680000, 0x00000177ed620000)

Polling page: 0x00000177d5460000

Metaspace:

Usage:
  Non-class:     15.66 MB capacity,    15.55 MB (>99%) used,    92.27 KB ( <1%) free+waste,    20.19 KB ( <1%) overhead. 
      Class:      1.79 MB capacity,     1.72 MB ( 96%) used,    67.95 KB (  4%) free+waste,     8.81 KB ( <1%) overhead. 
       Both:     17.45 MB capacity,    17.27 MB ( 99%) used,   160.22 KB ( <1%) free+waste,    29.00 KB ( <1%) overhead. 

Virtual space:
  Non-class space:       16.00 MB reserved,      15.75 MB ( 98%) committed 
      Class space:        1.00 GB reserved,       1.88 MB ( <1%) committed 
             Both:        1.02 GB reserved,      17.62 MB (  2%) committed 

Chunk freelists:
   Non-Class:  27.00 KB
       Class:  22.00 KB
        Both:  49.00 KB

MaxMetaspaceSize: 17179869184.00 GB
CompressedClassSpaceSize: 1.00 GB
Initial GC threshold: 20.80 MB
Current GC threshold: 20.80 MB
CDS: off

CodeHeap 'non-profiled nmethods': size=120000Kb used=498Kb max_used=498Kb free=119501Kb
 bounds [0x00000177e1280000, 0x00000177e14f0000, 0x00000177e87b0000]
CodeHeap 'profiled nmethods': size=120000Kb used=3199Kb max_used=3199Kb free=116800Kb
 bounds [0x00000177d9d50000, 0x00000177da070000, 0x00000177e1280000]
CodeHeap 'non-nmethods': size=5760Kb used=1184Kb max_used=1195Kb free=4575Kb
 bounds [0x00000177d97b0000, 0x00000177d9a20000, 0x00000177d9d50000]
 total_blobs=2093 nmethods=1646 adapters=359
 compilation: enabled
              stopped_count=0, restarted_count=0
 full_count=0

Compilation events (20 events):
Event: 3.899 Thread 0x00000177f0a11800 1610       3       jdk.internal.org.objectweb.asm.ClassWriter::newClass (11 bytes)
Event: 3.899 Thread 0x00000177f0a11800 nmethod 1610 0x00000177da05c810 code [0x00000177da05c9c0, 0x00000177da05cb08]
Event: 3.908 Thread 0x00000177f0a11800 1612       3       java.util.WeakHashMap::eq (19 bytes)
Event: 3.908 Thread 0x00000177f0a11800 nmethod 1612 0x00000177da05cc10 code [0x00000177da05cde0, 0x00000177da05d008]
Event: 3.908 Thread 0x00000177f0a10000 nmethod 1611 0x00000177e12fbc90 code [0x00000177e12fbe20, 0x00000177e12fc018]
Event: 3.909 Thread 0x00000177f0a11800 1613       3       java.util.WeakHashMap::remove (133 bytes)
Event: 3.910 Thread 0x00000177f0a11800 nmethod 1613 0x00000177da05d110 code [0x00000177da05d360, 0x00000177da05de08]
Event: 3.930 Thread 0x00000177f0a11800 1614       3       java.security.CodeSource::getCertificates (98 bytes)
Event: 3.932 Thread 0x00000177f0a11800 nmethod 1614 0x00000177da05e210 code [0x00000177da05e480, 0x00000177da05f0d8]
Event: 3.952 Thread 0x00000177f0a11800 1615  s    3       java.util.Vector::addElement (24 bytes)
Event: 3.953 Thread 0x00000177f0a11800 nmethod 1615 0x00000177da05f390 code [0x00000177da05f5a0, 0x00000177da05fcb8]
Event: 3.953 Thread 0x00000177f0a11800 1616       3       java.util.Vector::add (23 bytes)
Event: 3.954 Thread 0x00000177f0a11800 nmethod 1616 0x00000177da05ff10 code [0x00000177da060120, 0x00000177da060658]
Event: 3.955 Thread 0x00000177f0a11800 1617       3       java.util.WeakHashMap::getTable (9 bytes)
Event: 3.955 Thread 0x00000177f0a11800 nmethod 1617 0x00000177da060890 code [0x00000177da060a40, 0x00000177da060b88]
Event: 3.956 Thread 0x00000177f0a11800 1618       3       java.util.WeakHashMap::put (162 bytes)
Event: 3.957 Thread 0x00000177f0a11800 nmethod 1618 0x00000177da060c10 code [0x00000177da060ea0, 0x00000177da061df8]
Event: 3.961 Thread 0x00000177f0a11800 1619       3       java.lang.ClassLoader::addClass (9 bytes)
Event: 3.962 Thread 0x00000177f0a11800 nmethod 1619 0x00000177da062310 code [0x00000177da062520, 0x00000177da062d38]
Event: 3.972 Thread 0x00000177f0a10000 1620 % !   4       java.util.concurrent.ConcurrentHashMap::transfer @ 96 (828 bytes)

GC Heap History (2 events):
Event: 2.157 GC heap before
{Heap before GC invocations=0 (full 0):
 garbage-first heap   total 131072K, used 28672K [0x0000000081800000, 0x0000000100000000)
  region size 1024K, 24 young (24576K), 0 survivors (0K)
 Metaspace       used 12114K, capacity 12216K, committed 12544K, reserved 1060864K
  class space    used 1115K, capacity 1175K, committed 1280K, reserved 1048576K
}
Event: 2.166 GC heap after
{Heap after GC invocations=1 (full 0):
 garbage-first heap   total 131072K, used 6678K [0x0000000081800000, 0x0000000100000000)
  region size 1024K, 3 young (3072K), 3 survivors (3072K)
 Metaspace       used 12114K, capacity 12216K, committed 12544K, reserved 1060864K
  class space    used 1115K, capacity 1175K, committed 1280K, reserved 1048576K
}

Deoptimization events (20 events):
Event: 2.537 Thread 0x00000177d5c82000 DEOPT PACKING pc=0x00000177e12b3ee0 sp=0x00000055c42fbf60
Event: 2.537 Thread 0x00000177d5c82000 DEOPT UNPACKING pc=0x00000177d97fa1af sp=0x00000055c42fbe48 mode 2
Event: 2.847 Thread 0x00000177d5c82000 Uncommon trap: trap_request=0xffffff4d fr.pc=0x00000177e12ba3dc relative=0x000000000000051c
Event: 2.848 Thread 0x00000177d5c82000 Uncommon trap: reason=unstable_if action=reinterpret pc=0x00000177e12ba3dc method=java.util.ArrayList.newCapacity(I)I @ 25 c2
Event: 2.848 Thread 0x00000177d5c82000 DEOPT PACKING pc=0x00000177e12ba3dc sp=0x00000055c42fdc50
Event: 2.848 Thread 0x00000177d5c82000 DEOPT UNPACKING pc=0x00000177d97fa1af sp=0x00000055c42fda70 mode 2
Event: 2.994 Thread 0x00000177d5c82000 Uncommon trap: trap_request=0xffffffc6 fr.pc=0x00000177e12b3ee0 relative=0x00000000000004e0
Event: 2.994 Thread 0x00000177d5c82000 Uncommon trap: reason=bimorphic_or_optimized_type_check action=maybe_recompile pc=0x00000177e12b3ee0 method=kotlin.reflect.jvm.internal.impl.protobuf.CodedInputStream.tryRefillBuffer(I)Z @ 175 c2
Event: 2.994 Thread 0x00000177d5c82000 DEOPT PACKING pc=0x00000177e12b3ee0 sp=0x00000055c42fbe30
Event: 2.994 Thread 0x00000177d5c82000 DEOPT UNPACKING pc=0x00000177d97fa1af sp=0x00000055c42fbd18 mode 2
Event: 3.250 Thread 0x00000177d5c82000 Uncommon trap: trap_request=0xffffff4d fr.pc=0x00000177e12a2ff0 relative=0x0000000000000230
Event: 3.252 Thread 0x00000177d5c82000 Uncommon trap: reason=unstable_if action=reinterpret pc=0x00000177e12a2ff0 method=java.lang.String.startsWith(Ljava/lang/String;I)Z @ 14 c2
Event: 3.252 Thread 0x00000177d5c82000 DEOPT PACKING pc=0x00000177e12a2ff0 sp=0x00000055c42fcf00
Event: 3.252 Thread 0x00000177d5c82000 DEOPT UNPACKING pc=0x00000177d97fa1af sp=0x00000055c42fce68 mode 2
Event: 3.526 Thread 0x00000177d5c82000 DEOPT PACKING pc=0x00000177d9fc4b34 sp=0x00000055c42fdff0
Event: 3.526 Thread 0x00000177d5c82000 DEOPT UNPACKING pc=0x00000177d97fa95e sp=0x00000055c42fd5d0 mode 0
Event: 3.787 Thread 0x00000177d5c82000 Uncommon trap: trap_request=0xffffff4d fr.pc=0x00000177e12bfc14 relative=0x00000000000000d4
Event: 3.787 Thread 0x00000177d5c82000 Uncommon trap: reason=unstable_if action=reinterpret pc=0x00000177e12bfc14 method=java.lang.Integer.valueOf(I)Ljava/lang/Integer; @ 3 c2
Event: 3.787 Thread 0x00000177d5c82000 DEOPT PACKING pc=0x00000177e12bfc14 sp=0x00000055c42fcbf0
Event: 3.787 Thread 0x00000177d5c82000 DEOPT UNPACKING pc=0x00000177d97fa1af sp=0x00000055c42fcb88 mode 2

Classes redefined (0 events):
No events

Internal exceptions (10 events):
Event: 3.716 Thread 0x00000177d5c82000 Exception <a 'java/lang/NoSuchMethodError'{0x000000008813d8d0}: 'int java.lang.invoke.DelegatingMethodHandle$Holder.reinvoke_L(java.lang.Object, java.lang.Object, java.lang.Object, long, int, int)'> (0x000000008813d8d0) thrown at [src/hotspot/share/interpreter/linkResolver.cpp, line 773]
Event: 3.721 Thread 0x00000177d5c82000 Exception <a 'java/lang/NoSuchMethodError'{0x000000008814b258}: 'int java.lang.invoke.DelegatingMethodHandle$Holder.reinvoke_L(java.lang.Object, java.lang.Object, java.lang.Object, long, long, long)'> (0x000000008814b258) thrown at [src/hotspot/share/interpreter/linkResolver.cpp, line 773]
Event: 3.724 Thread 0x00000177d5c82000 Exception <a 'java/lang/NoSuchMethodError'{0x0000000088158410}: 'int java.lang.invoke.DelegatingMethodHandle$Holder.reinvoke_L(java.lang.Object, java.lang.Object, java.lang.Object, long, java.lang.Object, java.lang.Object)'> (0x0000000088158410) thrown at [src/hotspot/share/interpreter/linkResolver.cpp, line 773]
Event: 3.726 Thread 0x00000177d5c82000 Exception <a 'java/lang/NoSuchMethodError'{0x0000000088165878}: 'void java.lang.invoke.DelegatingMethodHandle$Holder.reinvoke_L(java.lang.Object, java.lang.Object, java.lang.Object, long, java.lang.Object)'> (0x0000000088165878) thrown at [src/hotspot/share/interpreter/linkResolver.cpp, line 773]
Event: 3.728 Thread 0x00000177d5c82000 Exception <a 'java/lang/NoSuchMethodError'{0x000000008816f0f8}: 'java.lang.Object java.lang.invoke.DirectMethodHandle$Holder.invokeSpecial(java.lang.Object, java.lang.Object, java.lang.Object, java.lang.Object, long)'> (0x000000008816f0f8) thrown at [src/hotspot/share/interpreter/linkResolver.cpp, line 773]
Event: 3.728 Thread 0x00000177d5c82000 Exception <a 'java/lang/NoSuchMethodError'{0x0000000088172650}: 'java.lang.Object java.lang.invoke.DelegatingMethodHandle$Holder.reinvoke_L(java.lang.Object, java.lang.Object, java.lang.Object, long)'> (0x0000000088172650) thrown at [src/hotspot/share/interpreter/linkResolver.cpp, line 773]
Event: 3.738 Thread 0x00000177d5c82000 Exception <a 'java/lang/NoSuchMethodError'{0x000000008818d0a0}: 'long java.lang.invoke.Invokers$Holder.invoke_MT(java.lang.Object, java.lang.Object, java.lang.Object, java.lang.Object)'> (0x000000008818d0a0) thrown at [src/hotspot/share/interpreter/linkResolver.cpp, line 773]
Event: 3.739 Thread 0x00000177d5c82000 Exception <a 'java/lang/NoSuchMethodError'{0x0000000088190720}: 'long java.lang.invoke.DelegatingMethodHandle$Holder.reinvoke_L(java.lang.Object, java.lang.Object, java.lang.Object)'> (0x0000000088190720) thrown at [src/hotspot/share/interpreter/linkResolver.cpp, line 773]
Event: 3.741 Thread 0x00000177d5c82000 Exception <a 'java/lang/NoSuchMethodError'{0x000000008819a3e0}: 'int java.lang.invoke.DirectMethodHandle$Holder.invokeSpecial(java.lang.Object, java.lang.Object, java.lang.Object, java.lang.Object)'> (0x000000008819a3e0) thrown at [src/hotspot/share/interpreter/linkResolver.cpp, line 773]
Event: 3.745 Thread 0x00000177d5c82000 Exception <a 'java/lang/NoSuchMethodError'{0x00000000881a91c0}: 'int java.lang.invoke.DelegatingMethodHandle$Holder.reinvoke_L(java.lang.Object, java.lang.Object, java.lang.Object, long, int)'> (0x00000000881a91c0) thrown at [src/hotspot/share/interpreter/linkResolver.cpp, line 773]

Events (20 events):
Event: 3.984 loading class org/jetbrains/kotlin/cli/common/arguments/JavaTypeEnhancementStateParser
Event: 3.984 loading class org/jetbrains/kotlin/cli/common/arguments/JavaTypeEnhancementStateParser done
Event: 3.985 loading class org/jetbrains/kotlin/cli/common/arguments/JavaTypeEnhancementStateParser$Companion
Event: 3.985 loading class org/jetbrains/kotlin/cli/common/arguments/JavaTypeEnhancementStateParser$Companion done
Event: 3.985 loading class org/jetbrains/kotlin/cli/common/messages/MessageCollector$Companion
Event: 3.985 loading class org/jetbrains/kotlin/cli/common/messages/MessageCollector$Companion done
Event: 3.986 loading class org/jetbrains/kotlin/cli/common/messages/MessageCollector$Companion$NONE$1
Event: 3.986 loading class org/jetbrains/kotlin/cli/common/messages/MessageCollector$Companion$NONE$1 done
Event: 3.986 loading class org/jetbrains/kotlin/config/LanguageVersionSettingsKt
Event: 3.986 loading class org/jetbrains/kotlin/config/LanguageVersionSettingsKt done
Event: 3.987 loading class org/jetbrains/kotlin/utils/WrappedValues$ThrowableWrapper
Event: 3.987 loading class org/jetbrains/kotlin/utils/WrappedValues$ThrowableWrapper done
Event: 3.988 loading class org/jetbrains/kotlin/cli/common/arguments/JavaTypeEnhancementStateParser$parse$1
Event: 3.988 loading class org/jetbrains/kotlin/cli/common/arguments/JavaTypeEnhancementStateParser$parse$1 done
Event: 3.993 loading class org/jetbrains/kotlin/config/CommonConfigurationKeysKt
Event: 3.993 loading class org/jetbrains/kotlin/config/CommonConfigurationKeysKt done
Event: 3.994 loading class org/jetbrains/kotlin/cli/jvm/JvmArgumentsKt
Event: 3.994 loading class org/jetbrains/kotlin/cli/jvm/JvmArgumentsKt done
Event: 3.998 loading class org/jetbrains/kotlin/config/JVMConfigurationKeys
Event: 3.998 loading class org/jetbrains/kotlin/config/JVMConfigurationKeys done


Dynamic libraries:
0x00007ff753f20000 - 0x00007ff753f2a000 	C:\Program Files\Android\Android Studio\jbr\bin\java.exe
0x00007ffabdaf0000 - 0x00007ffabdce8000 	C:\WINDOWS\SYSTEM32\ntdll.dll
0x00007ffabc480000 - 0x00007ffabc53f000 	C:\WINDOWS\System32\KERNEL32.DLL
0x00007ffabb4d0000 - 0x00007ffabb7c6000 	C:\WINDOWS\System32\KERNELBASE.dll
0x00007ffabb360000 - 0x00007ffabb460000 	C:\WINDOWS\System32\ucrtbase.dll
0x00007ffab2ef0000 - 0x00007ffab2f0b000 	C:\Program Files\Android\Android Studio\jbr\bin\VCRUNTIME140.dll
0x00007ffaa8d10000 - 0x00007ffaa8d27000 	C:\Program Files\Android\Android Studio\jbr\bin\jli.dll
0x00007ffabc0e0000 - 0x00007ffabc27d000 	C:\WINDOWS\System32\USER32.dll
0x00007ffabb800000 - 0x00007ffabb822000 	C:\WINDOWS\System32\win32u.dll
0x00007ffabc330000 - 0x00007ffabc35c000 	C:\WINDOWS\System32\GDI32.dll
0x00007ffaa96c0000 - 0x00007ffaa995a000 	C:\WINDOWS\WinSxS\amd64_microsoft.windows.common-controls_6595b64144ccf1df_6.0.19041.1110_none_60b5254171f9507e\COMCTL32.dll
0x00007ffabd6b0000 - 0x00007ffabd74e000 	C:\WINDOWS\System32\msvcrt.dll
0x00007ffabb830000 - 0x00007ffabb945000 	C:\WINDOWS\System32\gdi32full.dll
0x00007ffabbab0000 - 0x00007ffabbb4d000 	C:\WINDOWS\System32\msvcp_win.dll
0x00007ffabc000000 - 0x00007ffabc030000 	C:\WINDOWS\System32\IMM32.DLL
0x00007ffab66e0000 - 0x00007ffab66ec000 	C:\Program Files\Android\Android Studio\jbr\bin\vcruntime140_1.dll
0x00007ffa8da30000 - 0x00007ffa8dabd000 	C:\Program Files\Android\Android Studio\jbr\bin\msvcp140.dll
0x00007ffa86d20000 - 0x00007ffa878dc000 	C:\Program Files\Android\Android Studio\jbr\bin\server\jvm.dll
0x00007ffabd940000 - 0x00007ffabd9ef000 	C:\WINDOWS\System32\ADVAPI32.dll
0x00007ffabd8a0000 - 0x00007ffabd93c000 	C:\WINDOWS\System32\sechost.dll
0x00007ffabd090000 - 0x00007ffabd1b6000 	C:\WINDOWS\System32\RPCRT4.dll
0x00007ffabc5d0000 - 0x00007ffabc5d8000 	C:\WINDOWS\System32\PSAPI.DLL
0x00007ffab5800000 - 0x00007ffab5809000 	C:\WINDOWS\SYSTEM32\WSOCK32.dll
0x00007ffabd750000 - 0x00007ffabd7bb000 	C:\WINDOWS\System32\WS2_32.dll
0x00007ffaa85c0000 - 0x00007ffaa85e7000 	C:\WINDOWS\SYSTEM32\WINMM.dll
0x00007ffaac0a0000 - 0x00007ffaac0aa000 	C:\WINDOWS\SYSTEM32\VERSION.dll
0x00007ffab99f0000 - 0x00007ffab9a02000 	C:\WINDOWS\SYSTEM32\kernel.appcore.dll
0x00007ffab50a0000 - 0x00007ffab50b0000 	C:\Program Files\Android\Android Studio\jbr\bin\verify.dll
0x00007ffaa4180000 - 0x00007ffaa4364000 	C:\WINDOWS\SYSTEM32\DBGHELP.DLL
0x00007ffaa4140000 - 0x00007ffaa4174000 	C:\WINDOWS\SYSTEM32\dbgcore.DLL
0x00007ffabb1d0000 - 0x00007ffabb252000 	C:\WINDOWS\System32\bcryptPrimitives.dll
0x00007ffa99b50000 - 0x00007ffa99b78000 	C:\Program Files\Android\Android Studio\jbr\bin\java.dll
0x00007ffab5060000 - 0x00007ffab506a000 	C:\Program Files\Android\Android Studio\jbr\bin\jimage.dll
0x00007ffaa8ab0000 - 0x00007ffaa8ac8000 	C:\Program Files\Android\Android Studio\jbr\bin\zip.dll
0x00007ffabc5e0000 - 0x00007ffabcd24000 	C:\WINDOWS\System32\SHELL32.dll
0x00007ffab9250000 - 0x00007ffab99e3000 	C:\WINDOWS\SYSTEM32\windows.storage.dll
0x00007ffabcd30000 - 0x00007ffabd084000 	C:\WINDOWS\System32\combase.dll
0x00007ffababa0000 - 0x00007ffababce000 	C:\WINDOWS\SYSTEM32\Wldp.dll
0x00007ffabc030000 - 0x00007ffabc0dd000 	C:\WINDOWS\System32\SHCORE.dll
0x00007ffabbcb0000 - 0x00007ffabbd05000 	C:\WINDOWS\System32\shlwapi.dll
0x00007ffabb100000 - 0x00007ffabb125000 	C:\WINDOWS\SYSTEM32\profapi.dll
0x00007ffa99a80000 - 0x00007ffa99a99000 	C:\Program Files\Android\Android Studio\jbr\bin\net.dll
0x00007ffaaf2a0000 - 0x00007ffaaf3aa000 	C:\WINDOWS\SYSTEM32\WINHTTP.dll
0x00007ffaba900000 - 0x00007ffaba96a000 	C:\WINDOWS\system32\mswsock.dll
0x00007ffa96ba0000 - 0x00007ffa96bb3000 	C:\Program Files\Android\Android Studio\jbr\bin\nio.dll

dbghelp: loaded successfully - version: 4.0.5 - missing functions: none
symbol engine: initialized successfully - sym options: 0x614 - pdb path: .;C:\Program Files\Android\Android Studio\jbr\bin;C:\WINDOWS\SYSTEM32;C:\WINDOWS\WinSxS\amd64_microsoft.windows.common-controls_6595b64144ccf1df_6.0.19041.1110_none_60b5254171f9507e;C:\Program Files\Android\Android Studio\jbr\bin\server

VM Arguments:
java_command: org.jetbrains.kotlin.cli.jvm.K2JVMCompiler @C:\Users\Ali_Mohamed\Documents\KatKotey\KatKoty\build\speech_to_text\20230825_7607985013021007956.compiler.options
java_class_path (initial): C:\Users\Ali_Mohamed\.gradle\caches\modules-2\files-2.1\org.jetbrains.kotlin\kotlin-compiler-embeddable\1.8.10\b0757fd774344d54ce93f5ad6c30ba1c1731c8ff\kotlin-compiler-embeddable-1.8.10.jar;C:\Users\Ali_Mohamed\.gradle\caches\modules-2\files-2.1\org.jetbrains.kotlin\kotlin-stdlib\1.8.10\6d5560a229477df9406943d5feda5618e98eb64c\kotlin-stdlib-1.8.10.jar;C:\Users\Ali_Mohamed\.gradle\caches\modules-2\files-2.1\org.jetbrains.kotlin\kotlin-script-runtime\1.8.10\b13ea9c7e46d589139e56086a878763290e20bd5\kotlin-script-runtime-1.8.10.jar;C:\Users\Ali_Mohamed\.gradle\caches\modules-2\files-2.1\org.jetbrains.kotlin\kotlin-reflect\1.6.10\1cbe9c92c12a94eea200d23c2bbaedaf3daf5132\kotlin-reflect-1.6.10.jar;C:\Users\Ali_Mohamed\.gradle\caches\modules-2\files-2.1\org.jetbrains.kotlin\kotlin-daemon-embeddable\1.8.10\ad8541d9bc1cf9e52c3204161247910c2cf601d4\kotlin-daemon-embeddable-1.8.10.jar;C:\Users\Ali_Mohamed\.gradle\caches\modules-2\files-2.1\org.jetbrains.intellij.deps\trove4j\1.0.20200330\3afb14d5f9ceb459d724e907a21145e8ff394f02\trove4j-1.0.20200330.jar;C:\Users\Ali_Mohamed\.gradle\caches\modules-2\files-2.1\net.java.dev.jna\jna\5.6.0\330f2244e9030119ab3030fc3fededc86713d9cc\jna-5.6.0.jar;C:\Users\Ali_Mohamed\.gradle\caches\modules-2\files-2.1\org.jetbrains.kotlin\kotlin-stdlib-common\1.8.10\a61b182458550492c12aee66157d7b524a63a5ec\kotlin-stdlib-common-1.8.10.jar;C:\Users\Ali_Mohamed\.gradle\caches\modules-2\files-2.1\org.jetbrains\annotations\13.0\919f0dfe192fb4e063e7dacadee7f8bb9a2672a9\annotations-13.0.jar
Launcher Type: SUN_STANDARD

[Global flags]
     intx CICompilerCount                          = 4                                         {product} {ergonomic}
     uint ConcGCThreads                            = 2                                         {product} {ergonomic}
     uint G1ConcRefinementThreads                  = 8                                         {product} {ergonomic}
   size_t G1HeapRegionSize                         = 1048576                                   {product} {ergonomic}
    uintx GCDrainStackTargetSize                   = 64                                        {product} {ergonomic}
   size_t InitialHeapSize                          = 134217728                                 {product} {ergonomic}
   size_t MarkStackSize                            = 4194304                                   {product} {ergonomic}
   size_t MaxHeapSize                              = 2122317824                                {product} {ergonomic}
   size_t MaxNewSize                               = 1272971264                                {product} {ergonomic}
   size_t MinHeapDeltaBytes                        = 1048576                                   {product} {ergonomic}
    uintx NonNMethodCodeHeapSize                   = 5836300                                {pd product} {ergonomic}
    uintx NonProfiledCodeHeapSize                  = 122910970                              {pd product} {ergonomic}
    uintx ProfiledCodeHeapSize                     = 122910970                              {pd product} {ergonomic}
    uintx ReservedCodeCacheSize                    = 251658240                              {pd product} {ergonomic}
     bool SegmentedCodeCache                       = true                                      {product} {ergonomic}
     bool UseCompressedClassPointers               = true                                 {lp64_product} {ergonomic}
     bool UseCompressedOops                        = true                                 {lp64_product} {ergonomic}
     bool UseG1GC                                  = true                                      {product} {ergonomic}
     bool UseLargePagesIndividualAllocation        = false                                  {pd product} {ergonomic}

Logging:
Log output configuration:
 #0: stdout all=warning uptime,level,tags
 #1: stderr all=off uptime,level,tags

Environment Variables:
JAVA_HOME=C:\Program Files\Android\Android Studio\jbr
CLASSPATH=C:\Users\Ali_Mohamed\Documents\KatKotey\KatKoty\android\\gradle\wrapper\gradle-wrapper.jar
PATH=C:\devlopment\flutter\bin\;C:\Program Files\Common Files\Oracle\Java\javapath;C:\WINDOWS\system32;C:\WINDOWS;C:\WINDOWS\System32\Wbem;C:\WINDOWS\System32\WindowsPowerShell\v1.0\;C:\WINDOWS\System32\OpenSSH\;C:\Program Files\Git\cmd;C:\Program Files\Dart\dart-sdk\bin;C:\ProgramData\chocolatey\bin;C:\Program Files\Java\jdk-17.0.5\bin;C:\devlopment\flutter\bin;C:\devlopment\flutter\bin\cache\dart-sdk\bin;C:\devlopment\dart-sdk\bin;C:\Program Files\;C:\Program Files\Cloudflare\Cloudflare WARP\;C:\Users\Ali_Mohamed\AppData\Local\Microsoft\WindowsApps;C:\Users\Ali_Mohamed\AppData\Local\Programs\Microsoft VS Code\bin;C:\devlopment\flutter\bin;C:\devlopment\dart-sdk\bin;C:\Program Files\Java\jdk-17.0.5\bin;C:\Users\Ali_Mohamed\AppData\Roaming\npm;C:\Program Files\node_modules\npm\bin;C:\Users\Ali_Mohamed\Downloads\openssl-0.9.8k_WIN32\bin;C:\devlopment\dart-sdk\bin;;C:\devlopment\flutter\bin\mingit\cmd
USERNAME=Ali_Mohamed
LANG=en_US.UTF-8
OS=Windows_NT
PROCESSOR_IDENTIFIER=Intel64 Family 6 Model 60 Stepping 3, GenuineIntel



---------------  S Y S T E M  ---------------

OS: Windows 10 , 64 bit Build 19041 (10.0.19041.3155)
OS uptime: 0 days 22:58 hours

CPU:total 8 (initial active 8) (4 cores per cpu, 2 threads per core) family 6 model 60 stepping 3 microcode 0x28, cmov, cx8, fxsr, mmx, sse, sse2, sse3, ssse3, sse4.1, sse4.2, popcnt, avx, avx2, aes, clmul, erms, lzcnt, ht, tsc, tscinvbit, bmi1, bmi2, fma

Memory: 4k page, system-wide physical 8089M (369M free)
TotalPageFile size 22250M (AvailPageFile size 2M)
current process WorkingSet (physical memory assigned to process): 93M, peak: 93M
current process commit charge ("private bytes"): 226M, peak: 226M

vm_info: OpenJDK 64-Bit Server VM (11.0.15+0-b2043.56-9505619) for windows-amd64 JRE (11.0.15+0-b2043.56-9505619), built on Jan 19 2023 02:48:00 by "builduser" with unknown MS VC++:1929

END.
